2020-02-05 09:55:30,460 INFO o.a.j.u.JMeterUtils: Setting Locale to en_EN
2020-02-05 09:55:30,518 INFO o.a.j.JMeter: Loading user properties from: /usr/local/jmeter/bin/user.properties
2020-02-05 09:55:30,519 INFO o.a.j.JMeter: Loading system properties from: /usr/local/jmeter/bin/system.properties
2020-02-05 09:55:30,521 INFO o.a.j.JMeter: Copyright (c) 1998-2019 The Apache Software Foundation
2020-02-05 09:55:30,522 INFO o.a.j.JMeter: Version 5.2.1
2020-02-05 09:55:30,522 INFO o.a.j.JMeter: java.version=11.0.6
2020-02-05 09:55:30,522 INFO o.a.j.JMeter: java.vm.name=OpenJDK 64-Bit Server VM
2020-02-05 09:55:30,522 INFO o.a.j.JMeter: os.name=Linux
2020-02-05 09:55:30,522 INFO o.a.j.JMeter: os.arch=amd64
2020-02-05 09:55:30,523 INFO o.a.j.JMeter: os.version=5.3.0-28-generic
2020-02-05 09:55:30,523 INFO o.a.j.JMeter: file.encoding=UTF-8
2020-02-05 09:55:30,523 INFO o.a.j.JMeter: java.awt.headless=null
2020-02-05 09:55:30,523 INFO o.a.j.JMeter: Max memory     =2147483648
2020-02-05 09:55:30,523 INFO o.a.j.JMeter: Available Processors =8
2020-02-05 09:55:30,538 INFO o.a.j.JMeter: Default Locale=English (EN)
2020-02-05 09:55:30,538 INFO o.a.j.JMeter: JMeter  Locale=English (EN)
2020-02-05 09:55:30,539 INFO o.a.j.JMeter: JMeterHome=/usr/local/jmeter
2020-02-05 09:55:30,539 INFO o.a.j.JMeter: user.dir  =/home/iay/git/envoy-circuit-breaker/jmeter
2020-02-05 09:55:30,539 INFO o.a.j.JMeter: PWD       =/home/iay/git/envoy-circuit-breaker/jmeter
2020-02-05 09:55:30,540 INFO o.a.j.JMeter: IP: 127.0.1.1 Name: lxp FullName: lxp
2020-02-05 09:55:31,256 INFO o.a.j.g.a.LookAndFeelCommand: Installing Darcula LAF
2020-02-05 09:55:31,345 INFO o.a.j.g.a.LookAndFeelCommand: Using look and feel: javax.swing.plaf.metal.MetalLookAndFeel [Darcula]
2020-02-05 09:55:31,346 INFO o.a.j.JMeter: Setting LAF to: javax.swing.plaf.metal.MetalLookAndFeel
2020-02-05 09:55:31,351 INFO o.a.j.JMeter: Loaded icon properties from org/apache/jmeter/images/icon.properties
2020-02-05 09:55:33,122 INFO o.a.j.JMeter: Loading file: request.jmx
2020-02-05 09:55:33,128 INFO o.a.j.s.FileServer: Default base='/home/iay/git/envoy-circuit-breaker/jmeter'
2020-02-05 09:55:33,130 INFO o.a.j.s.FileServer: Set new base='/home/iay/git/envoy-circuit-breaker/jmeter'
2020-02-05 09:55:33,361 INFO o.a.j.s.SaveService: Testplan (JMX) version: 2.2. Testlog (JTL) version: 2.2
2020-02-05 09:55:33,379 INFO o.a.j.s.SaveService: Using SaveService properties version 5.0
2020-02-05 09:55:33,383 INFO o.a.j.s.SaveService: Using SaveService properties file encoding UTF-8
2020-02-05 09:55:33,387 INFO o.a.j.s.SaveService: Loading file: request.jmx
2020-02-05 09:55:33,438 INFO o.a.j.p.h.s.HTTPSamplerBase: Parser for text/html is org.apache.jmeter.protocol.http.parser.LagartoBasedHtmlParser
2020-02-05 09:55:33,439 INFO o.a.j.p.h.s.HTTPSamplerBase: Parser for application/xhtml+xml is org.apache.jmeter.protocol.http.parser.LagartoBasedHtmlParser
2020-02-05 09:55:33,439 INFO o.a.j.p.h.s.HTTPSamplerBase: Parser for application/xml is org.apache.jmeter.protocol.http.parser.LagartoBasedHtmlParser
2020-02-05 09:55:33,439 INFO o.a.j.p.h.s.HTTPSamplerBase: Parser for text/xml is org.apache.jmeter.protocol.http.parser.LagartoBasedHtmlParser
2020-02-05 09:55:33,439 INFO o.a.j.p.h.s.HTTPSamplerBase: Parser for text/vnd.wap.wml is org.apache.jmeter.protocol.http.parser.RegexpHTMLParser
2020-02-05 09:55:33,440 INFO o.a.j.p.h.s.HTTPSamplerBase: Parser for text/css is org.apache.jmeter.protocol.http.parser.CssParser
2020-02-05 09:55:33,538 INFO o.a.j.s.FileServer: Set new base='/home/iay/git/envoy-circuit-breaker/jmeter'
2020-02-05 09:55:33,819 INFO o.a.j.s.SampleResult: Note: Sample TimeStamps are START times
2020-02-05 09:55:33,819 INFO o.a.j.s.SampleResult: sampleresult.default.encoding is set to ISO-8859-1
2020-02-05 09:55:33,819 INFO o.a.j.s.SampleResult: sampleresult.useNanoTime=true
2020-02-05 09:55:33,820 INFO o.a.j.s.SampleResult: sampleresult.nanoThreadSleep=5000
2020-02-05 09:55:34,064 INFO o.a.j.v.ViewResultsFullVisualizer: Add JavaFX to your Java installation if you want to use renderer: org.apache.jmeter.visualizers.RenderInBrowser
2020-02-05 09:55:35,440 INFO o.a.j.e.KeyToolUtils: keytool found at 'keytool'
2020-02-05 09:55:35,441 INFO o.a.j.p.h.p.ProxyControl: HTTP(S) Test Script Recorder SSL Proxy will use keys that support embedded 3rd party resources in file /usr/local/jmeter/bin/proxyserver.jks
2020-02-05 09:55:36,067 INFO o.a.j.v.ViewResultsFullVisualizer: Add JavaFX to your Java installation if you want to use renderer: org.apache.jmeter.visualizers.RenderInBrowser
2020-02-05 09:59:05,166 INFO o.a.j.e.StandardJMeterEngine: Running the test!
2020-02-05 09:59:05,168 INFO o.a.j.s.SampleEvent: List of sample_variables: []
2020-02-05 09:59:05,168 INFO o.a.j.s.SampleEvent: List of sample_variables: []
2020-02-05 09:59:05,171 INFO o.a.j.e.u.CompoundVariable: Note: Function class names must contain the string: '.functions.'
2020-02-05 09:59:05,171 INFO o.a.j.e.u.CompoundVariable: Note: Function class names must not contain the string: '.gui.'
2020-02-05 09:59:05,422 INFO o.a.j.g.u.JMeterMenuBar: setRunning(true, *local*)
2020-02-05 09:59:05,474 INFO o.a.j.e.StandardJMeterEngine: Starting ThreadGroup: 1 : Thread Group
2020-02-05 09:59:05,475 INFO o.a.j.e.StandardJMeterEngine: Starting 20 threads for group Thread Group.
2020-02-05 09:59:05,475 INFO o.a.j.e.StandardJMeterEngine: Thread will continue on error
2020-02-05 09:59:05,475 INFO o.a.j.t.ThreadGroup: Starting thread group... number=1 threads=20 ramp-up=1 delayedStart=false
2020-02-05 09:59:05,489 INFO o.a.j.t.JMeterThread: Thread started: Thread Group 1-1
2020-02-05 09:59:05,504 INFO o.a.j.t.ThreadGroup: Started thread group number 1
2020-02-05 09:59:05,504 INFO o.a.j.e.StandardJMeterEngine: All thread groups have been started
2020-02-05 09:59:05,511 INFO o.a.j.p.h.s.HTTPHCAbstractImpl: Local host = lxp
2020-02-05 09:59:05,517 INFO o.a.j.p.h.s.HTTPHC4Impl: HTTP request retry count = 0
2020-02-05 09:59:05,535 INFO o.a.j.t.JMeterThread: Thread started: Thread Group 1-2
2020-02-05 09:59:05,584 INFO o.a.j.t.JMeterThread: Thread started: Thread Group 1-3
2020-02-05 09:59:05,633 INFO o.a.j.t.JMeterThread: Thread started: Thread Group 1-4
2020-02-05 09:59:05,681 INFO o.a.j.t.JMeterThread: Thread started: Thread Group 1-5
2020-02-05 09:59:05,729 INFO o.a.j.t.JMeterThread: Thread started: Thread Group 1-6
2020-02-05 09:59:05,780 INFO o.a.j.t.JMeterThread: Thread started: Thread Group 1-7
2020-02-05 09:59:05,827 INFO o.a.j.t.JMeterThread: Thread started: Thread Group 1-8
2020-02-05 09:59:05,876 INFO o.a.j.t.JMeterThread: Thread started: Thread Group 1-9
2020-02-05 09:59:05,926 INFO o.a.j.t.JMeterThread: Thread started: Thread Group 1-10
2020-02-05 09:59:05,977 INFO o.a.j.t.JMeterThread: Thread started: Thread Group 1-11
2020-02-05 09:59:06,031 INFO o.a.j.t.JMeterThread: Thread started: Thread Group 1-12
2020-02-05 09:59:06,079 INFO o.a.j.t.JMeterThread: Thread started: Thread Group 1-13
2020-02-05 09:59:06,129 INFO o.a.j.t.JMeterThread: Thread started: Thread Group 1-14
2020-02-05 09:59:06,178 INFO o.a.j.t.JMeterThread: Thread started: Thread Group 1-15
2020-02-05 09:59:06,229 INFO o.a.j.t.JMeterThread: Thread started: Thread Group 1-16
2020-02-05 09:59:06,278 INFO o.a.j.t.JMeterThread: Thread started: Thread Group 1-17
2020-02-05 09:59:06,327 INFO o.a.j.t.JMeterThread: Thread started: Thread Group 1-18
2020-02-05 09:59:06,376 INFO o.a.j.t.JMeterThread: Thread started: Thread Group 1-19
2020-02-05 09:59:06,426 INFO o.a.j.t.JMeterThread: Thread started: Thread Group 1-20
2020-02-05 09:59:28,963 INFO o.a.j.g.a.Start: Stopping test
2020-02-05 09:59:29,029 INFO o.a.j.t.JMeterThread: Stopping: Thread Group 1-12
2020-02-05 09:59:29,030 WARN o.a.j.t.JMeterThread: Interrupting: Thread Group 1-12 sampler: HTTP Request
2020-02-05 09:59:29,033 INFO o.a.j.t.JMeterThread: Stopping: Thread Group 1-1
2020-02-05 09:59:29,033 WARN o.a.j.t.JMeterThread: Interrupting: Thread Group 1-1 sampler: HTTP Request
2020-02-05 09:59:29,035 INFO o.a.j.t.JMeterThread: Stopping: Thread Group 1-2
2020-02-05 09:59:29,035 WARN o.a.j.t.JMeterThread: Interrupting: Thread Group 1-2 sampler: HTTP Request
2020-02-05 09:59:29,037 INFO o.a.j.t.JMeterThread: Stopping: Thread Group 1-8
2020-02-05 09:59:29,037 WARN o.a.j.t.JMeterThread: Interrupting: Thread Group 1-8 sampler: HTTP Request
2020-02-05 09:59:29,038 INFO o.a.j.t.JMeterThread: Stopping: Thread Group 1-4
2020-02-05 09:59:29,039 WARN o.a.j.t.JMeterThread: Interrupting: Thread Group 1-4 sampler: HTTP Request
2020-02-05 09:59:29,040 INFO o.a.j.t.JMeterThread: Stopping: Thread Group 1-19
2020-02-05 09:59:29,040 WARN o.a.j.t.JMeterThread: Interrupting: Thread Group 1-19 sampler: HTTP Request
2020-02-05 09:59:29,051 INFO o.a.j.t.JMeterThread: Thread finished: Thread Group 1-8
2020-02-05 09:59:29,051 INFO o.a.j.t.JMeterThread: Thread finished: Thread Group 1-1
2020-02-05 09:59:29,051 INFO o.a.j.t.JMeterThread: Thread finished: Thread Group 1-12
2020-02-05 09:59:29,051 INFO o.a.j.t.JMeterThread: Thread finished: Thread Group 1-4
2020-02-05 09:59:29,052 INFO o.a.j.t.JMeterThread: Thread finished: Thread Group 1-19
2020-02-05 09:59:29,049 INFO o.a.j.t.JMeterThread: Stopping: Thread Group 1-14
2020-02-05 09:59:29,051 INFO o.a.j.t.JMeterThread: Thread finished: Thread Group 1-2
2020-02-05 09:59:29,054 WARN o.a.j.t.JMeterThread: Interrupting: Thread Group 1-14 sampler: HTTP Request
2020-02-05 09:59:29,055 INFO o.a.j.t.JMeterThread: Stopping: Thread Group 1-5
2020-02-05 09:59:29,055 WARN o.a.j.t.JMeterThread: Interrupting: Thread Group 1-5 sampler: HTTP Request
2020-02-05 09:59:29,056 INFO o.a.j.t.JMeterThread: Stopping: Thread Group 1-16
2020-02-05 09:59:29,056 WARN o.a.j.t.JMeterThread: Interrupting: Thread Group 1-16 sampler: HTTP Request
2020-02-05 09:59:29,057 INFO o.a.j.t.JMeterThread: Stopping: Thread Group 1-10
2020-02-05 09:59:29,057 INFO o.a.j.t.JMeterThread: Thread finished: Thread Group 1-14
2020-02-05 09:59:29,057 WARN o.a.j.t.JMeterThread: Interrupting: Thread Group 1-10 sampler: HTTP Request
2020-02-05 09:59:29,057 INFO o.a.j.t.JMeterThread: Stopping: Thread Group 1-17
2020-02-05 09:59:29,058 INFO o.a.j.t.JMeterThread: Thread finished: Thread Group 1-5
2020-02-05 09:59:29,058 WARN o.a.j.t.JMeterThread: Interrupting: Thread Group 1-17 sampler: HTTP Request
2020-02-05 09:59:29,058 INFO o.a.j.t.JMeterThread: Stopping: Thread Group 1-13
2020-02-05 09:59:29,059 WARN o.a.j.t.JMeterThread: Interrupting: Thread Group 1-13 sampler: HTTP Request
2020-02-05 09:59:29,059 INFO o.a.j.t.JMeterThread: Thread finished: Thread Group 1-16
2020-02-05 09:59:29,059 INFO o.a.j.t.JMeterThread: Stopping: Thread Group 1-11
2020-02-05 09:59:29,060 INFO o.a.j.t.JMeterThread: Thread finished: Thread Group 1-10
2020-02-05 09:59:29,060 WARN o.a.j.t.JMeterThread: Interrupting: Thread Group 1-11 sampler: HTTP Request
2020-02-05 09:59:29,060 INFO o.a.j.t.JMeterThread: Thread finished: Thread Group 1-17
2020-02-05 09:59:29,061 INFO o.a.j.t.JMeterThread: Thread finished: Thread Group 1-13
2020-02-05 09:59:29,061 INFO o.a.j.t.JMeterThread: Stopping: Thread Group 1-6
2020-02-05 09:59:29,061 WARN o.a.j.t.JMeterThread: Interrupting: Thread Group 1-6 sampler: HTTP Request
2020-02-05 09:59:29,062 INFO o.a.j.t.JMeterThread: Stopping: Thread Group 1-7
2020-02-05 09:59:29,062 WARN o.a.j.t.JMeterThread: Interrupting: Thread Group 1-7 sampler: HTTP Request
2020-02-05 09:59:29,062 INFO o.a.j.t.JMeterThread: Thread finished: Thread Group 1-11
2020-02-05 09:59:29,062 INFO o.a.j.t.JMeterThread: Stopping: Thread Group 1-3
2020-02-05 09:59:29,063 WARN o.a.j.t.JMeterThread: Interrupting: Thread Group 1-3 sampler: HTTP Request
2020-02-05 09:59:29,063 INFO o.a.j.t.JMeterThread: Stopping: Thread Group 1-18
2020-02-05 09:59:29,063 INFO o.a.j.t.JMeterThread: Thread finished: Thread Group 1-6
2020-02-05 09:59:29,064 WARN o.a.j.t.JMeterThread: Interrupting: Thread Group 1-18 sampler: HTTP Request
2020-02-05 09:59:29,064 INFO o.a.j.t.JMeterThread: Stopping: Thread Group 1-9
2020-02-05 09:59:29,064 WARN o.a.j.t.JMeterThread: Interrupting: Thread Group 1-9 sampler: HTTP Request
2020-02-05 09:59:29,065 INFO o.a.j.t.JMeterThread: Thread finished: Thread Group 1-7
2020-02-05 09:59:29,065 INFO o.a.j.t.JMeterThread: Stopping: Thread Group 1-20
2020-02-05 09:59:29,066 WARN o.a.j.t.JMeterThread: Interrupting: Thread Group 1-20 sampler: HTTP Request
2020-02-05 09:59:29,066 INFO o.a.j.t.JMeterThread: Thread finished: Thread Group 1-18
2020-02-05 09:59:29,066 INFO o.a.j.t.JMeterThread: Stopping: Thread Group 1-15
2020-02-05 09:59:29,067 WARN o.a.j.t.JMeterThread: Interrupting: Thread Group 1-15 sampler: HTTP Request
2020-02-05 09:59:29,067 INFO o.a.j.t.JMeterThread: Thread finished: Thread Group 1-3
2020-02-05 09:59:29,068 INFO o.a.j.t.JMeterThread: Thread finished: Thread Group 1-9
2020-02-05 09:59:29,068 INFO o.a.j.t.JMeterThread: Thread finished: Thread Group 1-20
2020-02-05 09:59:29,069 INFO o.a.j.t.JMeterThread: Thread finished: Thread Group 1-15
2020-02-05 09:59:29,070 INFO o.a.j.e.StandardJMeterEngine: Notifying test listeners of end of test
2020-02-05 09:59:29,070 INFO o.a.j.g.u.JMeterMenuBar: setRunning(false, *local*)
2020-02-05 10:00:10,785 INFO o.a.j.e.StandardJMeterEngine: Running the test!
2020-02-05 10:00:10,786 INFO o.a.j.s.SampleEvent: List of sample_variables: []
2020-02-05 10:00:10,789 INFO o.a.j.g.u.JMeterMenuBar: setRunning(true, *local*)
2020-02-05 10:00:10,855 INFO o.a.j.e.StandardJMeterEngine: Starting ThreadGroup: 1 : Thread Group
2020-02-05 10:00:10,856 INFO o.a.j.e.StandardJMeterEngine: Starting 5 threads for group Thread Group.
2020-02-05 10:00:10,856 INFO o.a.j.e.StandardJMeterEngine: Thread will continue on error
2020-02-05 10:00:10,856 INFO o.a.j.t.ThreadGroup: Starting thread group... number=1 threads=5 ramp-up=1 delayedStart=false
2020-02-05 10:00:10,857 INFO o.a.j.t.JMeterThread: Thread started: Thread Group 1-1
2020-02-05 10:00:10,858 INFO o.a.j.t.ThreadGroup: Started thread group number 1
2020-02-05 10:00:10,858 INFO o.a.j.e.StandardJMeterEngine: All thread groups have been started
2020-02-05 10:00:11,056 INFO o.a.j.t.JMeterThread: Thread started: Thread Group 1-2
2020-02-05 10:00:11,257 INFO o.a.j.t.JMeterThread: Thread started: Thread Group 1-3
2020-02-05 10:00:11,456 INFO o.a.j.t.JMeterThread: Thread started: Thread Group 1-4
2020-02-05 10:00:11,657 INFO o.a.j.t.JMeterThread: Thread started: Thread Group 1-5
2020-02-05 10:00:52,428 INFO o.a.j.g.a.Start: Stopping test
2020-02-05 10:00:52,448 INFO o.a.j.t.JMeterThread: Stopping: Thread Group 1-1
2020-02-05 10:00:52,450 WARN o.a.j.t.JMeterThread: Interrupting: Thread Group 1-1 sampler: HTTP Request
2020-02-05 10:00:52,453 INFO o.a.j.t.JMeterThread: Stopping: Thread Group 1-4
2020-02-05 10:00:52,453 WARN o.a.j.t.JMeterThread: Interrupting: Thread Group 1-4 sampler: HTTP Request
2020-02-05 10:00:52,456 INFO o.a.j.t.JMeterThread: Stopping: Thread Group 1-3
2020-02-05 10:00:52,456 WARN o.a.j.t.JMeterThread: Interrupting: Thread Group 1-3 sampler: HTTP Request
2020-02-05 10:00:52,459 INFO o.a.j.t.JMeterThread: Thread finished: Thread Group 1-4
2020-02-05 10:00:52,459 INFO o.a.j.t.JMeterThread: Thread finished: Thread Group 1-1
2020-02-05 10:00:52,464 INFO o.a.j.t.JMeterThread: Stopping: Thread Group 1-2
2020-02-05 10:00:52,464 WARN o.a.j.t.JMeterThread: Interrupting: Thread Group 1-2 sampler: HTTP Request
2020-02-05 10:00:52,465 INFO o.a.j.t.JMeterThread: Thread finished: Thread Group 1-3
2020-02-05 10:00:52,466 INFO o.a.j.t.JMeterThread: Stopping: Thread Group 1-5
2020-02-05 10:00:52,467 WARN o.a.j.t.JMeterThread: Interrupting: Thread Group 1-5 sampler: HTTP Request
2020-02-05 10:00:52,469 INFO o.a.j.t.JMeterThread: Thread finished: Thread Group 1-2
2020-02-05 10:00:52,474 INFO o.a.j.t.JMeterThread: Thread finished: Thread Group 1-5
2020-02-05 10:00:52,475 INFO o.a.j.e.StandardJMeterEngine: Notifying test listeners of end of test
2020-02-05 10:00:52,475 INFO o.a.j.g.u.JMeterMenuBar: setRunning(false, *local*)
2020-02-05 10:00:55,048 INFO o.a.j.e.StandardJMeterEngine: Running the test!
2020-02-05 10:00:55,050 INFO o.a.j.s.SampleEvent: List of sample_variables: []
2020-02-05 10:00:55,052 INFO o.a.j.g.u.JMeterMenuBar: setRunning(true, *local*)
2020-02-05 10:00:55,106 INFO o.a.j.e.StandardJMeterEngine: Starting ThreadGroup: 1 : Thread Group
2020-02-05 10:00:55,106 INFO o.a.j.e.StandardJMeterEngine: Starting 5 threads for group Thread Group.
2020-02-05 10:00:55,106 INFO o.a.j.e.StandardJMeterEngine: Thread will continue on error
2020-02-05 10:00:55,106 INFO o.a.j.t.ThreadGroup: Starting thread group... number=1 threads=5 ramp-up=1 delayedStart=false
2020-02-05 10:00:55,108 INFO o.a.j.t.ThreadGroup: Started thread group number 1
2020-02-05 10:00:55,107 INFO o.a.j.t.JMeterThread: Thread started: Thread Group 1-1
2020-02-05 10:00:55,108 INFO o.a.j.e.StandardJMeterEngine: All thread groups have been started
2020-02-05 10:00:55,308 INFO o.a.j.t.JMeterThread: Thread started: Thread Group 1-2
2020-02-05 10:00:55,508 INFO o.a.j.t.JMeterThread: Thread started: Thread Group 1-3
2020-02-05 10:00:55,710 INFO o.a.j.t.JMeterThread: Thread started: Thread Group 1-4
2020-02-05 10:00:55,909 INFO o.a.j.t.JMeterThread: Thread started: Thread Group 1-5
2020-02-05 10:02:34,574 INFO o.a.j.g.a.Start: Shutting test down
2020-02-05 10:02:34,584 INFO o.a.j.t.JMeterThread: Stopping: Thread Group 1-2
2020-02-05 10:02:34,586 INFO o.a.j.t.JMeterThread: Stopping: Thread Group 1-3
2020-02-05 10:02:34,586 INFO o.a.j.t.JMeterThread: Stopping: Thread Group 1-5
2020-02-05 10:02:34,587 INFO o.a.j.t.JMeterThread: Stopping: Thread Group 1-1
2020-02-05 10:02:34,587 INFO o.a.j.t.JMeterThread: Stopping: Thread Group 1-4
2020-02-05 10:02:35,506 INFO o.a.j.t.JMeterThread: Thread finished: Thread Group 1-1
2020-02-05 10:02:36,513 INFO o.a.j.t.JMeterThread: Thread finished: Thread Group 1-2
2020-02-05 10:02:37,519 INFO o.a.j.t.JMeterThread: Thread finished: Thread Group 1-3
2020-02-05 10:02:38,525 INFO o.a.j.t.JMeterThread: Thread finished: Thread Group 1-4
2020-02-05 10:02:39,532 INFO o.a.j.t.JMeterThread: Thread finished: Thread Group 1-5
2020-02-05 10:02:39,533 INFO o.a.j.e.StandardJMeterEngine: Notifying test listeners of end of test
2020-02-05 10:02:39,534 INFO o.a.j.g.u.JMeterMenuBar: setRunning(false, *local*)
2020-02-05 10:02:48,721 INFO o.a.j.e.StandardJMeterEngine: Running the test!
2020-02-05 10:02:48,723 INFO o.a.j.s.SampleEvent: List of sample_variables: []
2020-02-05 10:02:48,726 INFO o.a.j.g.u.JMeterMenuBar: setRunning(true, *local*)
2020-02-05 10:02:48,779 INFO o.a.j.e.StandardJMeterEngine: Starting ThreadGroup: 1 : Thread Group
2020-02-05 10:02:48,779 INFO o.a.j.e.StandardJMeterEngine: Starting 14 threads for group Thread Group.
2020-02-05 10:02:48,779 INFO o.a.j.e.StandardJMeterEngine: Thread will continue on error
2020-02-05 10:02:48,780 INFO o.a.j.t.ThreadGroup: Starting thread group... number=1 threads=14 ramp-up=1 delayedStart=false
2020-02-05 10:02:48,780 INFO o.a.j.t.JMeterThread: Thread started: Thread Group 1-1
2020-02-05 10:02:48,791 INFO o.a.j.t.ThreadGroup: Started thread group number 1
2020-02-05 10:02:48,791 INFO o.a.j.e.StandardJMeterEngine: All thread groups have been started
2020-02-05 10:02:48,852 INFO o.a.j.t.JMeterThread: Thread started: Thread Group 1-2
2020-02-05 10:02:48,923 INFO o.a.j.t.JMeterThread: Thread started: Thread Group 1-3
2020-02-05 10:02:48,994 INFO o.a.j.t.JMeterThread: Thread started: Thread Group 1-4
2020-02-05 10:02:49,064 INFO o.a.j.t.JMeterThread: Thread started: Thread Group 1-5
2020-02-05 10:02:49,136 INFO o.a.j.t.JMeterThread: Thread started: Thread Group 1-6
2020-02-05 10:02:49,208 INFO o.a.j.t.JMeterThread: Thread started: Thread Group 1-7
2020-02-05 10:02:49,277 INFO o.a.j.t.JMeterThread: Thread started: Thread Group 1-8
2020-02-05 10:02:49,350 INFO o.a.j.t.JMeterThread: Thread started: Thread Group 1-9
2020-02-05 10:02:49,420 INFO o.a.j.t.JMeterThread: Thread started: Thread Group 1-10
2020-02-05 10:02:49,491 INFO o.a.j.t.JMeterThread: Thread started: Thread Group 1-11
2020-02-05 10:02:49,564 INFO o.a.j.t.JMeterThread: Thread started: Thread Group 1-12
2020-02-05 10:02:49,634 INFO o.a.j.t.JMeterThread: Thread started: Thread Group 1-13
2020-02-05 10:02:49,704 INFO o.a.j.t.JMeterThread: Thread started: Thread Group 1-14
2020-02-05 10:03:49,553 INFO o.a.j.v.ViewResultsFullVisualizer: Add JavaFX to your Java installation if you want to use renderer: org.apache.jmeter.visualizers.RenderInBrowser
2020-02-05 10:04:29,368 INFO o.a.j.g.a.Start: Shutting test down
2020-02-05 10:04:29,378 INFO o.a.j.t.JMeterThread: Stopping: Thread Group 1-14
2020-02-05 10:04:29,380 INFO o.a.j.t.JMeterThread: Stopping: Thread Group 1-2
2020-02-05 10:04:29,380 INFO o.a.j.t.JMeterThread: Stopping: Thread Group 1-1
2020-02-05 10:04:29,380 INFO o.a.j.t.JMeterThread: Stopping: Thread Group 1-6
2020-02-05 10:04:29,381 INFO o.a.j.t.JMeterThread: Stopping: Thread Group 1-5
2020-02-05 10:04:29,381 INFO o.a.j.t.JMeterThread: Stopping: Thread Group 1-3
2020-02-05 10:04:29,381 INFO o.a.j.t.JMeterThread: Stopping: Thread Group 1-7
2020-02-05 10:04:29,381 INFO o.a.j.t.JMeterThread: Stopping: Thread Group 1-10
2020-02-05 10:04:29,382 INFO o.a.j.t.JMeterThread: Stopping: Thread Group 1-11
2020-02-05 10:04:29,382 INFO o.a.j.t.JMeterThread: Stopping: Thread Group 1-12
2020-02-05 10:04:29,383 INFO o.a.j.t.JMeterThread: Stopping: Thread Group 1-13
2020-02-05 10:04:29,383 INFO o.a.j.t.JMeterThread: Stopping: Thread Group 1-8
2020-02-05 10:04:29,383 INFO o.a.j.t.JMeterThread: Stopping: Thread Group 1-4
2020-02-05 10:04:29,384 INFO o.a.j.t.JMeterThread: Stopping: Thread Group 1-9
2020-02-05 10:04:30,288 INFO o.a.j.t.JMeterThread: Thread finished: Thread Group 1-1
2020-02-05 10:04:31,364 INFO o.a.j.t.JMeterThread: Thread finished: Thread Group 1-9
2020-02-05 10:04:32,056 INFO o.a.j.t.JMeterThread: Thread finished: Thread Group 1-14
2020-02-05 10:04:32,972 INFO o.a.j.t.JMeterThread: Thread finished: Thread Group 1-12
2020-02-05 10:04:34,988 INFO o.a.j.t.JMeterThread: Thread finished: Thread Group 1-7
2020-02-05 10:04:35,075 INFO o.a.j.t.JMeterThread: Thread finished: Thread Group 1-6
2020-02-05 10:04:35,151 INFO o.a.j.t.JMeterThread: Thread finished: Thread Group 1-3
2020-02-05 10:04:37,320 INFO o.a.j.t.JMeterThread: Thread finished: Thread Group 1-11
2020-02-05 10:04:38,327 INFO o.a.j.t.JMeterThread: Thread finished: Thread Group 1-4
2020-02-05 10:04:40,416 INFO o.a.j.t.JMeterThread: Thread finished: Thread Group 1-13
2020-02-05 10:04:41,179 INFO o.a.j.t.JMeterThread: Thread finished: Thread Group 1-2
2020-02-05 10:04:42,107 INFO o.a.j.t.JMeterThread: Thread finished: Thread Group 1-8
2020-02-05 10:04:44,035 INFO o.a.j.t.JMeterThread: Thread finished: Thread Group 1-10
2020-02-05 10:04:44,355 INFO o.a.j.t.JMeterThread: Thread finished: Thread Group 1-5
2020-02-05 10:04:44,357 INFO o.a.j.e.StandardJMeterEngine: Notifying test listeners of end of test
2020-02-05 10:04:44,357 INFO o.a.j.g.u.JMeterMenuBar: setRunning(false, *local*)
2020-02-05 10:05:07,499 INFO o.a.j.e.StandardJMeterEngine: Running the test!
2020-02-05 10:05:07,500 INFO o.a.j.s.SampleEvent: List of sample_variables: []
2020-02-05 10:05:07,502 INFO o.a.j.g.u.JMeterMenuBar: setRunning(true, *local*)
2020-02-05 10:05:07,559 INFO o.a.j.e.StandardJMeterEngine: Starting ThreadGroup: 1 : Thread Group
2020-02-05 10:05:07,559 INFO o.a.j.e.StandardJMeterEngine: Starting 14 threads for group Thread Group.
2020-02-05 10:05:07,559 INFO o.a.j.e.StandardJMeterEngine: Thread will continue on error
2020-02-05 10:05:07,560 INFO o.a.j.t.ThreadGroup: Starting thread group... number=1 threads=14 ramp-up=1 delayedStart=false
2020-02-05 10:05:07,560 INFO o.a.j.t.JMeterThread: Thread started: Thread Group 1-1
2020-02-05 10:05:07,563 INFO o.a.j.t.ThreadGroup: Started thread group number 1
2020-02-05 10:05:07,564 INFO o.a.j.e.StandardJMeterEngine: All thread groups have been started
2020-02-05 10:05:07,632 INFO o.a.j.t.JMeterThread: Thread started: Thread Group 1-2
2020-02-05 10:05:07,703 INFO o.a.j.t.JMeterThread: Thread started: Thread Group 1-3
2020-02-05 10:05:07,773 INFO o.a.j.t.JMeterThread: Thread started: Thread Group 1-4
2020-02-05 10:05:07,844 INFO o.a.j.t.JMeterThread: Thread started: Thread Group 1-5
2020-02-05 10:05:07,916 INFO o.a.j.t.JMeterThread: Thread started: Thread Group 1-6
2020-02-05 10:05:07,986 INFO o.a.j.t.JMeterThread: Thread started: Thread Group 1-7
2020-02-05 10:05:08,058 INFO o.a.j.t.JMeterThread: Thread started: Thread Group 1-8
2020-02-05 10:05:08,129 INFO o.a.j.t.JMeterThread: Thread started: Thread Group 1-9
2020-02-05 10:05:08,200 INFO o.a.j.t.JMeterThread: Thread started: Thread Group 1-10
2020-02-05 10:05:08,270 INFO o.a.j.t.JMeterThread: Thread started: Thread Group 1-11
2020-02-05 10:05:08,341 INFO o.a.j.t.JMeterThread: Thread started: Thread Group 1-12
2020-02-05 10:05:08,413 INFO o.a.j.t.JMeterThread: Thread started: Thread Group 1-13
2020-02-05 10:05:08,484 INFO o.a.j.t.JMeterThread: Thread started: Thread Group 1-14
2020-02-05 10:08:51,147 INFO o.a.j.g.a.Start: Shutting test down
2020-02-05 10:08:51,150 INFO o.a.j.t.JMeterThread: Stopping: Thread Group 1-10
2020-02-05 10:08:51,150 INFO o.a.j.t.JMeterThread: Stopping: Thread Group 1-12
2020-02-05 10:08:51,150 INFO o.a.j.t.JMeterThread: Stopping: Thread Group 1-7
2020-02-05 10:08:51,150 INFO o.a.j.t.JMeterThread: Stopping: Thread Group 1-14
2020-02-05 10:08:51,150 INFO o.a.j.t.JMeterThread: Stopping: Thread Group 1-1
2020-02-05 10:08:51,150 INFO o.a.j.t.JMeterThread: Stopping: Thread Group 1-2
2020-02-05 10:08:51,150 INFO o.a.j.t.JMeterThread: Stopping: Thread Group 1-9
2020-02-05 10:08:51,150 INFO o.a.j.t.JMeterThread: Stopping: Thread Group 1-13
2020-02-05 10:08:51,151 INFO o.a.j.t.JMeterThread: Stopping: Thread Group 1-11
2020-02-05 10:08:51,151 INFO o.a.j.t.JMeterThread: Stopping: Thread Group 1-4
2020-02-05 10:08:51,151 INFO o.a.j.t.JMeterThread: Stopping: Thread Group 1-8
2020-02-05 10:08:51,151 INFO o.a.j.t.JMeterThread: Stopping: Thread Group 1-3
2020-02-05 10:08:51,151 INFO o.a.j.t.JMeterThread: Stopping: Thread Group 1-6
2020-02-05 10:08:51,151 INFO o.a.j.t.JMeterThread: Stopping: Thread Group 1-5
2020-02-05 10:08:51,463 INFO o.a.j.t.JMeterThread: Thread finished: Thread Group 1-6
2020-02-05 10:08:51,556 INFO o.a.j.t.JMeterThread: Thread finished: Thread Group 1-10
2020-02-05 10:08:51,728 INFO o.a.j.t.JMeterThread: Thread finished: Thread Group 1-7
2020-02-05 10:08:54,660 INFO o.a.j.t.JMeterThread: Thread finished: Thread Group 1-4
2020-02-05 10:08:56,083 INFO o.a.j.t.JMeterThread: Thread finished: Thread Group 1-8
2020-02-05 10:08:57,503 INFO o.a.j.t.JMeterThread: Thread finished: Thread Group 1-11
2020-02-05 10:08:57,748 INFO o.a.j.t.JMeterThread: Thread finished: Thread Group 1-12
2020-02-05 10:08:58,328 INFO o.a.j.t.JMeterThread: Thread finished: Thread Group 1-3
2020-02-05 10:08:59,176 INFO o.a.j.t.JMeterThread: Thread finished: Thread Group 1-1
2020-02-05 10:09:01,619 INFO o.a.j.t.JMeterThread: Thread finished: Thread Group 1-9
2020-02-05 10:09:03,795 INFO o.a.j.t.JMeterThread: Thread finished: Thread Group 1-13
2020-02-05 10:09:03,875 INFO o.a.j.t.JMeterThread: Thread finished: Thread Group 1-2
2020-02-05 10:09:03,879 INFO o.a.j.t.JMeterThread: Thread finished: Thread Group 1-5
2020-02-05 10:09:04,879 INFO o.a.j.t.JMeterThread: Thread finished: Thread Group 1-14
2020-02-05 10:09:04,880 INFO o.a.j.e.StandardJMeterEngine: Notifying test listeners of end of test
2020-02-05 10:09:04,880 INFO o.a.j.g.u.JMeterMenuBar: setRunning(false, *local*)
2020-02-05 10:09:13,478 INFO o.a.j.e.StandardJMeterEngine: Running the test!
2020-02-05 10:09:13,478 INFO o.a.j.s.SampleEvent: List of sample_variables: []
2020-02-05 10:09:13,479 INFO o.a.j.g.u.JMeterMenuBar: setRunning(true, *local*)
2020-02-05 10:09:13,529 INFO o.a.j.e.StandardJMeterEngine: Starting ThreadGroup: 1 : Thread Group
2020-02-05 10:09:13,529 INFO o.a.j.e.StandardJMeterEngine: Starting 5 threads for group Thread Group.
2020-02-05 10:09:13,529 INFO o.a.j.e.StandardJMeterEngine: Thread will continue on error
2020-02-05 10:09:13,529 INFO o.a.j.t.ThreadGroup: Starting thread group... number=1 threads=5 ramp-up=1 delayedStart=false
2020-02-05 10:09:13,530 INFO o.a.j.t.JMeterThread: Thread started: Thread Group 1-1
2020-02-05 10:09:13,531 INFO o.a.j.t.ThreadGroup: Started thread group number 1
2020-02-05 10:09:13,531 INFO o.a.j.e.StandardJMeterEngine: All thread groups have been started
2020-02-05 10:09:13,730 INFO o.a.j.t.JMeterThread: Thread started: Thread Group 1-2
2020-02-05 10:09:13,929 INFO o.a.j.t.JMeterThread: Thread started: Thread Group 1-3
2020-02-05 10:09:14,130 INFO o.a.j.t.JMeterThread: Thread started: Thread Group 1-4
2020-02-05 10:09:14,330 INFO o.a.j.t.JMeterThread: Thread started: Thread Group 1-5
2020-02-05 10:10:17,073 INFO o.a.j.g.a.Start: Stopping test
2020-02-05 10:10:17,082 INFO o.a.j.t.JMeterThread: Stopping: Thread Group 1-1
2020-02-05 10:10:17,083 WARN o.a.j.t.JMeterThread: Interrupting: Thread Group 1-1 sampler: HTTP Request
2020-02-05 10:10:17,087 INFO o.a.j.t.JMeterThread: Stopping: Thread Group 1-2
2020-02-05 10:10:17,087 WARN o.a.j.t.JMeterThread: Interrupting: Thread Group 1-2 sampler: HTTP Request
2020-02-05 10:10:17,090 INFO o.a.j.t.JMeterThread: Stopping: Thread Group 1-5
2020-02-05 10:10:17,090 WARN o.a.j.t.JMeterThread: Interrupting: Thread Group 1-5 sampler: HTTP Request
2020-02-05 10:10:17,093 INFO o.a.j.t.JMeterThread: Stopping: Thread Group 1-3
2020-02-05 10:10:17,093 WARN o.a.j.t.JMeterThread: Interrupting: Thread Group 1-3 sampler: HTTP Request
2020-02-05 10:10:17,097 INFO o.a.j.t.JMeterThread: Stopping: Thread Group 1-4
2020-02-05 10:10:17,098 WARN o.a.j.t.JMeterThread: Interrupting: Thread Group 1-4 sampler: HTTP Request
2020-02-05 10:10:17,100 INFO o.a.j.t.JMeterThread: Thread finished: Thread Group 1-5
2020-02-05 10:10:17,100 INFO o.a.j.t.JMeterThread: Thread finished: Thread Group 1-3
2020-02-05 10:10:17,100 INFO o.a.j.t.JMeterThread: Thread finished: Thread Group 1-1
2020-02-05 10:10:17,100 INFO o.a.j.t.JMeterThread: Thread finished: Thread Group 1-2
2020-02-05 10:10:17,103 INFO o.a.j.t.JMeterThread: Thread finished: Thread Group 1-4
2020-02-05 10:10:17,103 INFO o.a.j.e.StandardJMeterEngine: Notifying test listeners of end of test
2020-02-05 10:10:17,104 INFO o.a.j.g.u.JMeterMenuBar: setRunning(false, *local*)
2020-02-05 10:10:26,608 INFO o.a.j.e.StandardJMeterEngine: Running the test!
2020-02-05 10:10:26,609 INFO o.a.j.s.SampleEvent: List of sample_variables: []
2020-02-05 10:10:26,610 INFO o.a.j.g.u.JMeterMenuBar: setRunning(true, *local*)
2020-02-05 10:10:26,659 INFO o.a.j.e.StandardJMeterEngine: Starting ThreadGroup: 1 : Thread Group
2020-02-05 10:10:26,660 INFO o.a.j.e.StandardJMeterEngine: Starting 10 threads for group Thread Group.
2020-02-05 10:10:26,660 INFO o.a.j.e.StandardJMeterEngine: Thread will continue on error
2020-02-05 10:10:26,660 INFO o.a.j.t.ThreadGroup: Starting thread group... number=1 threads=10 ramp-up=1 delayedStart=false
2020-02-05 10:10:26,660 INFO o.a.j.t.JMeterThread: Thread started: Thread Group 1-1
2020-02-05 10:10:26,663 INFO o.a.j.t.ThreadGroup: Started thread group number 1
2020-02-05 10:10:26,664 INFO o.a.j.e.StandardJMeterEngine: All thread groups have been started
2020-02-05 10:10:26,761 INFO o.a.j.t.JMeterThread: Thread started: Thread Group 1-2
2020-02-05 10:10:26,861 INFO o.a.j.t.JMeterThread: Thread started: Thread Group 1-3
2020-02-05 10:10:26,961 INFO o.a.j.t.JMeterThread: Thread started: Thread Group 1-4
2020-02-05 10:10:27,061 INFO o.a.j.t.JMeterThread: Thread started: Thread Group 1-5
2020-02-05 10:10:27,161 INFO o.a.j.t.JMeterThread: Thread started: Thread Group 1-6
2020-02-05 10:10:27,262 INFO o.a.j.t.JMeterThread: Thread started: Thread Group 1-7
2020-02-05 10:10:27,360 INFO o.a.j.t.JMeterThread: Thread started: Thread Group 1-8
2020-02-05 10:10:27,461 INFO o.a.j.t.JMeterThread: Thread started: Thread Group 1-9
2020-02-05 10:10:27,561 INFO o.a.j.t.JMeterThread: Thread started: Thread Group 1-10
2020-02-05 10:16:56,327 INFO o.a.j.g.a.Start: Stopping test
2020-02-05 10:16:56,346 INFO o.a.j.t.JMeterThread: Thread finished: Thread Group 1-2
2020-02-05 10:16:56,343 INFO o.a.j.t.JMeterThread: Stopping: Thread Group 1-2
2020-02-05 10:16:56,354 INFO o.a.j.t.JMeterThread: Stopping: Thread Group 1-1
2020-02-05 10:16:56,354 INFO o.a.j.t.JMeterThread: Thread finished: Thread Group 1-1
2020-02-05 10:16:56,354 INFO o.a.j.t.JMeterThread: Stopping: Thread Group 1-5
2020-02-05 10:16:56,354 INFO o.a.j.t.JMeterThread: Stopping: Thread Group 1-8
2020-02-05 10:16:56,354 INFO o.a.j.t.JMeterThread: Thread finished: Thread Group 1-5
2020-02-05 10:16:56,354 WARN o.a.j.t.JMeterThread: Interrupting: Thread Group 1-8 sampler: HTTP Request
2020-02-05 10:16:56,354 WARN o.a.j.t.JMeterThread: No operation pending
2020-02-05 10:16:56,355 INFO o.a.j.t.JMeterThread: Stopping: Thread Group 1-9
2020-02-05 10:16:56,355 INFO o.a.j.t.JMeterThread: Thread finished: Thread Group 1-8
2020-02-05 10:16:56,355 WARN o.a.j.t.JMeterThread: Interrupting: Thread Group 1-9 sampler: HTTP Request
2020-02-05 10:16:56,355 INFO o.a.j.t.JMeterThread: Stopping: Thread Group 1-4
2020-02-05 10:16:56,355 WARN o.a.j.t.JMeterThread: Interrupting: Thread Group 1-4 sampler: HTTP Request
2020-02-05 10:16:56,355 INFO o.a.j.t.JMeterThread: Stopping: Thread Group 1-7
2020-02-05 10:16:56,355 INFO o.a.j.t.JMeterThread: Thread finished: Thread Group 1-9
2020-02-05 10:16:56,355 WARN o.a.j.t.JMeterThread: Interrupting: Thread Group 1-7 sampler: HTTP Request
2020-02-05 10:16:56,355 INFO o.a.j.t.JMeterThread: Thread finished: Thread Group 1-4
2020-02-05 10:16:56,355 WARN o.a.j.t.JMeterThread: No operation pending
2020-02-05 10:16:56,356 INFO o.a.j.t.JMeterThread: Stopping: Thread Group 1-3
2020-02-05 10:16:56,356 INFO o.a.j.t.JMeterThread: Thread finished: Thread Group 1-7
2020-02-05 10:16:56,356 INFO o.a.j.t.JMeterThread: Thread finished: Thread Group 1-3
2020-02-05 10:16:56,356 INFO o.a.j.t.JMeterThread: Stopping: Thread Group 1-10
2020-02-05 10:16:56,356 INFO o.a.j.t.JMeterThread: Thread finished: Thread Group 1-10
2020-02-05 10:16:56,357 INFO o.a.j.t.JMeterThread: Stopping: Thread Group 1-6
2020-02-05 10:16:56,357 INFO o.a.j.t.JMeterThread: Thread finished: Thread Group 1-6
2020-02-05 10:16:56,357 INFO o.a.j.e.StandardJMeterEngine: Notifying test listeners of end of test
2020-02-05 10:16:56,357 INFO o.a.j.g.u.JMeterMenuBar: setRunning(false, *local*)
2020-02-05 10:17:05,534 INFO o.a.j.e.StandardJMeterEngine: Running the test!
2020-02-05 10:17:05,535 INFO o.a.j.s.SampleEvent: List of sample_variables: []
2020-02-05 10:17:05,537 INFO o.a.j.g.u.JMeterMenuBar: setRunning(true, *local*)
2020-02-05 10:17:05,614 INFO o.a.j.e.StandardJMeterEngine: Starting ThreadGroup: 1 : Thread Group
2020-02-05 10:17:05,615 INFO o.a.j.e.StandardJMeterEngine: Starting 10 threads for group Thread Group.
2020-02-05 10:17:05,615 INFO o.a.j.e.StandardJMeterEngine: Thread will continue on error
2020-02-05 10:17:05,615 INFO o.a.j.t.ThreadGroup: Starting thread group... number=1 threads=10 ramp-up=1 delayedStart=false
2020-02-05 10:17:05,615 INFO o.a.j.t.JMeterThread: Thread started: Thread Group 1-1
2020-02-05 10:17:05,619 INFO o.a.j.t.ThreadGroup: Started thread group number 1
2020-02-05 10:17:05,619 INFO o.a.j.e.StandardJMeterEngine: All thread groups have been started
2020-02-05 10:17:05,716 INFO o.a.j.t.JMeterThread: Thread started: Thread Group 1-2
2020-02-05 10:17:05,816 INFO o.a.j.t.JMeterThread: Thread started: Thread Group 1-3
2020-02-05 10:17:05,916 INFO o.a.j.t.JMeterThread: Thread started: Thread Group 1-4
2020-02-05 10:17:06,016 INFO o.a.j.t.JMeterThread: Thread started: Thread Group 1-5
2020-02-05 10:17:06,115 INFO o.a.j.t.JMeterThread: Thread started: Thread Group 1-6
2020-02-05 10:17:06,216 INFO o.a.j.t.JMeterThread: Thread started: Thread Group 1-7
2020-02-05 10:17:06,316 INFO o.a.j.t.JMeterThread: Thread started: Thread Group 1-8
2020-02-05 10:17:06,416 INFO o.a.j.t.JMeterThread: Thread started: Thread Group 1-9
2020-02-05 10:17:06,515 INFO o.a.j.t.JMeterThread: Thread started: Thread Group 1-10
2020-02-05 10:19:46,994 INFO o.a.j.g.a.Start: Stopping test
2020-02-05 10:19:47,019 INFO o.a.j.t.JMeterThread: Thread finished: Thread Group 1-1
2020-02-05 10:19:47,018 INFO o.a.j.t.JMeterThread: Stopping: Thread Group 1-1
2020-02-05 10:19:47,021 INFO o.a.j.t.JMeterThread: Stopping: Thread Group 1-7
2020-02-05 10:19:47,021 INFO o.a.j.t.JMeterThread: Thread finished: Thread Group 1-7
2020-02-05 10:19:47,022 INFO o.a.j.t.JMeterThread: Stopping: Thread Group 1-3
2020-02-05 10:19:47,022 WARN o.a.j.t.JMeterThread: Interrupting: Thread Group 1-3 sampler: HTTP Request
2020-02-05 10:19:47,022 INFO o.a.j.t.JMeterThread: Stopping: Thread Group 1-6
2020-02-05 10:19:47,022 WARN o.a.j.t.JMeterThread: Interrupting: Thread Group 1-6 sampler: HTTP Request
2020-02-05 10:19:47,022 WARN o.a.j.t.JMeterThread: No operation pending
2020-02-05 10:19:47,022 INFO o.a.j.t.JMeterThread: Stopping: Thread Group 1-8
2020-02-05 10:19:47,022 WARN o.a.j.t.JMeterThread: Interrupting: Thread Group 1-8 sampler: HTTP Request
2020-02-05 10:19:47,022 INFO o.a.j.t.JMeterThread: Stopping: Thread Group 1-9
2020-02-05 10:19:47,023 INFO o.a.j.t.JMeterThread: Thread finished: Thread Group 1-9
2020-02-05 10:19:47,024 INFO o.a.j.t.JMeterThread: Thread finished: Thread Group 1-10
2020-02-05 10:19:47,025 INFO o.a.j.t.JMeterThread: Thread finished: Thread Group 1-3
2020-02-05 10:19:47,025 INFO o.a.j.t.JMeterThread: Thread finished: Thread Group 1-8
2020-02-05 10:19:47,023 INFO o.a.j.t.JMeterThread: Stopping: Thread Group 1-10
2020-02-05 10:19:47,026 INFO o.a.j.t.JMeterThread: Stopping: Thread Group 1-2
2020-02-05 10:19:47,026 INFO o.a.j.t.JMeterThread: Stopping: Thread Group 1-5
2020-02-05 10:19:47,025 INFO o.a.j.t.JMeterThread: Thread finished: Thread Group 1-6
2020-02-05 10:19:47,026 INFO o.a.j.t.JMeterThread: Thread finished: Thread Group 1-2
2020-02-05 10:19:47,027 WARN o.a.j.t.JMeterThread: Interrupting: Thread Group 1-5 sampler: HTTP Request
2020-02-05 10:19:47,027 WARN o.a.j.t.JMeterThread: No operation pending
2020-02-05 10:19:47,027 INFO o.a.j.t.JMeterThread: Stopping: Thread Group 1-4
2020-02-05 10:19:47,027 INFO o.a.j.t.JMeterThread: Thread finished: Thread Group 1-5
2020-02-05 10:19:47,027 WARN o.a.j.t.JMeterThread: Interrupting: Thread Group 1-4 sampler: HTTP Request
2020-02-05 10:19:47,027 WARN o.a.j.t.JMeterThread: No operation pending
2020-02-05 10:19:47,027 INFO o.a.j.t.JMeterThread: Thread finished: Thread Group 1-4
2020-02-05 10:19:47,027 INFO o.a.j.e.StandardJMeterEngine: Notifying test listeners of end of test
2020-02-05 10:19:47,028 INFO o.a.j.g.u.JMeterMenuBar: setRunning(false, *local*)
2020-02-05 10:34:22,135 INFO o.a.j.e.StandardJMeterEngine: Running the test!
2020-02-05 10:34:22,139 INFO o.a.j.s.SampleEvent: List of sample_variables: []
2020-02-05 10:34:22,141 INFO o.a.j.g.u.JMeterMenuBar: setRunning(true, *local*)
2020-02-05 10:34:22,200 INFO o.a.j.e.StandardJMeterEngine: Starting ThreadGroup: 1 : Thread Group
2020-02-05 10:34:22,200 INFO o.a.j.e.StandardJMeterEngine: Starting 10 threads for group Thread Group.
2020-02-05 10:34:22,200 INFO o.a.j.e.StandardJMeterEngine: Thread will continue on error
2020-02-05 10:34:22,200 INFO o.a.j.t.ThreadGroup: Starting thread group... number=1 threads=10 ramp-up=1 delayedStart=false
2020-02-05 10:34:22,201 INFO o.a.j.t.JMeterThread: Thread started: Thread Group 1-1
2020-02-05 10:34:22,204 INFO o.a.j.t.ThreadGroup: Started thread group number 1
2020-02-05 10:34:22,204 INFO o.a.j.e.StandardJMeterEngine: All thread groups have been started
2020-02-05 10:34:22,301 INFO o.a.j.t.JMeterThread: Thread started: Thread Group 1-2
2020-02-05 10:34:22,401 INFO o.a.j.t.JMeterThread: Thread started: Thread Group 1-3
2020-02-05 10:34:22,501 INFO o.a.j.t.JMeterThread: Thread started: Thread Group 1-4
2020-02-05 10:34:22,601 INFO o.a.j.t.JMeterThread: Thread started: Thread Group 1-5
2020-02-05 10:34:22,701 INFO o.a.j.t.JMeterThread: Thread started: Thread Group 1-6
2020-02-05 10:34:22,801 INFO o.a.j.t.JMeterThread: Thread started: Thread Group 1-7
2020-02-05 10:34:22,901 INFO o.a.j.t.JMeterThread: Thread started: Thread Group 1-8
2020-02-05 10:34:23,001 INFO o.a.j.t.JMeterThread: Thread started: Thread Group 1-9
2020-02-05 10:34:23,102 INFO o.a.j.t.JMeterThread: Thread started: Thread Group 1-10
2020-02-05 10:35:24,944 INFO o.a.j.g.a.Start: Stopping test
2020-02-05 10:35:24,954 INFO o.a.j.t.JMeterThread: Stopping: Thread Group 1-9
2020-02-05 10:35:24,955 WARN o.a.j.t.JMeterThread: Interrupting: Thread Group 1-9 sampler: HTTP Request
2020-02-05 10:35:24,957 INFO o.a.j.t.JMeterThread: Stopping: Thread Group 1-10
2020-02-05 10:35:24,958 WARN o.a.j.t.JMeterThread: Interrupting: Thread Group 1-10 sampler: HTTP Request
2020-02-05 10:35:24,961 INFO o.a.j.t.JMeterThread: Stopping: Thread Group 1-2
2020-02-05 10:35:24,961 WARN o.a.j.t.JMeterThread: Interrupting: Thread Group 1-2 sampler: HTTP Request
2020-02-05 10:35:24,961 INFO o.a.j.t.JMeterThread: Thread finished: Thread Group 1-9
2020-02-05 10:35:24,962 INFO o.a.j.t.JMeterThread: Thread finished: Thread Group 1-10
2020-02-05 10:35:24,963 INFO o.a.j.t.JMeterThread: Stopping: Thread Group 1-5
2020-02-05 10:35:24,964 WARN o.a.j.t.JMeterThread: Interrupting: Thread Group 1-5 sampler: HTTP Request
2020-02-05 10:35:24,964 INFO o.a.j.t.JMeterThread: Thread finished: Thread Group 1-2
2020-02-05 10:35:24,967 INFO o.a.j.t.JMeterThread: Stopping: Thread Group 1-8
2020-02-05 10:35:24,967 WARN o.a.j.t.JMeterThread: Interrupting: Thread Group 1-8 sampler: HTTP Request
2020-02-05 10:35:24,968 INFO o.a.j.t.JMeterThread: Thread finished: Thread Group 1-5
2020-02-05 10:35:24,970 INFO o.a.j.t.JMeterThread: Stopping: Thread Group 1-6
2020-02-05 10:35:24,970 WARN o.a.j.t.JMeterThread: Interrupting: Thread Group 1-6 sampler: HTTP Request
2020-02-05 10:35:24,972 INFO o.a.j.t.JMeterThread: Thread finished: Thread Group 1-8
2020-02-05 10:35:24,973 INFO o.a.j.t.JMeterThread: Stopping: Thread Group 1-7
2020-02-05 10:35:24,973 WARN o.a.j.t.JMeterThread: Interrupting: Thread Group 1-7 sampler: HTTP Request
2020-02-05 10:35:24,974 INFO o.a.j.t.JMeterThread: Thread finished: Thread Group 1-6
2020-02-05 10:35:24,979 INFO o.a.j.t.JMeterThread: Stopping: Thread Group 1-1
2020-02-05 10:35:24,979 WARN o.a.j.t.JMeterThread: Interrupting: Thread Group 1-1 sampler: HTTP Request
2020-02-05 10:35:24,981 INFO o.a.j.t.JMeterThread: Thread finished: Thread Group 1-7
2020-02-05 10:35:24,981 INFO o.a.j.t.JMeterThread: Stopping: Thread Group 1-3
2020-02-05 10:35:24,981 WARN o.a.j.t.JMeterThread: Interrupting: Thread Group 1-3 sampler: HTTP Request
2020-02-05 10:35:24,981 INFO o.a.j.t.JMeterThread: Thread finished: Thread Group 1-1
2020-02-05 10:35:24,983 INFO o.a.j.t.JMeterThread: Stopping: Thread Group 1-4
2020-02-05 10:35:24,983 WARN o.a.j.t.JMeterThread: Interrupting: Thread Group 1-4 sampler: HTTP Request
2020-02-05 10:35:24,984 INFO o.a.j.t.JMeterThread: Thread finished: Thread Group 1-3
2020-02-05 10:35:24,985 INFO o.a.j.t.JMeterThread: Thread finished: Thread Group 1-4
2020-02-05 10:35:24,986 INFO o.a.j.e.StandardJMeterEngine: Notifying test listeners of end of test
2020-02-05 10:35:24,986 INFO o.a.j.g.u.JMeterMenuBar: setRunning(false, *local*)
2020-02-05 10:35:39,733 INFO o.a.j.e.StandardJMeterEngine: Running the test!
2020-02-05 10:35:39,734 INFO o.a.j.s.SampleEvent: List of sample_variables: []
2020-02-05 10:35:39,735 INFO o.a.j.g.u.JMeterMenuBar: setRunning(true, *local*)
2020-02-05 10:35:39,809 INFO o.a.j.e.StandardJMeterEngine: Starting ThreadGroup: 1 : Thread Group
2020-02-05 10:35:39,809 INFO o.a.j.e.StandardJMeterEngine: Starting 16 threads for group Thread Group.
2020-02-05 10:35:39,809 INFO o.a.j.e.StandardJMeterEngine: Thread will continue on error
2020-02-05 10:35:39,810 INFO o.a.j.t.ThreadGroup: Starting thread group... number=1 threads=16 ramp-up=1 delayedStart=false
2020-02-05 10:35:39,810 INFO o.a.j.t.JMeterThread: Thread started: Thread Group 1-1
2020-02-05 10:35:39,821 INFO o.a.j.t.ThreadGroup: Started thread group number 1
2020-02-05 10:35:39,822 INFO o.a.j.e.StandardJMeterEngine: All thread groups have been started
2020-02-05 10:35:39,874 INFO o.a.j.t.JMeterThread: Thread started: Thread Group 1-2
2020-02-05 10:35:39,936 INFO o.a.j.t.JMeterThread: Thread started: Thread Group 1-3
2020-02-05 10:35:40,000 INFO o.a.j.t.JMeterThread: Thread started: Thread Group 1-4
2020-02-05 10:35:40,063 INFO o.a.j.t.JMeterThread: Thread started: Thread Group 1-5
2020-02-05 10:35:40,126 INFO o.a.j.t.JMeterThread: Thread started: Thread Group 1-6
2020-02-05 10:35:40,188 INFO o.a.j.t.JMeterThread: Thread started: Thread Group 1-7
2020-02-05 10:35:40,252 INFO o.a.j.t.JMeterThread: Thread started: Thread Group 1-8
2020-02-05 10:35:40,315 INFO o.a.j.t.JMeterThread: Thread started: Thread Group 1-9
2020-02-05 10:35:40,378 INFO o.a.j.t.JMeterThread: Thread started: Thread Group 1-10
2020-02-05 10:35:40,442 INFO o.a.j.t.JMeterThread: Thread started: Thread Group 1-11
2020-02-05 10:35:40,507 INFO o.a.j.t.JMeterThread: Thread started: Thread Group 1-12
2020-02-05 10:35:40,567 INFO o.a.j.t.JMeterThread: Thread started: Thread Group 1-13
2020-02-05 10:35:40,630 INFO o.a.j.t.JMeterThread: Thread started: Thread Group 1-14
2020-02-05 10:35:40,695 INFO o.a.j.t.JMeterThread: Thread started: Thread Group 1-15
2020-02-05 10:35:40,757 INFO o.a.j.t.JMeterThread: Thread started: Thread Group 1-16
2020-02-05 10:38:17,635 INFO o.a.j.g.a.Start: Stopping test
2020-02-05 10:38:17,645 INFO o.a.j.t.JMeterThread: Stopping: Thread Group 1-13
2020-02-05 10:38:17,646 WARN o.a.j.t.JMeterThread: Interrupting: Thread Group 1-13 sampler: HTTP Request
2020-02-05 10:38:17,649 INFO o.a.j.t.JMeterThread: Stopping: Thread Group 1-7
2020-02-05 10:38:17,649 WARN o.a.j.t.JMeterThread: Interrupting: Thread Group 1-7 sampler: HTTP Request
2020-02-05 10:38:17,651 INFO o.a.j.t.JMeterThread: Stopping: Thread Group 1-11
2020-02-05 10:38:17,652 WARN o.a.j.t.JMeterThread: Interrupting: Thread Group 1-11 sampler: HTTP Request
2020-02-05 10:38:17,652 INFO o.a.j.t.JMeterThread: Thread finished: Thread Group 1-13
2020-02-05 10:38:17,652 INFO o.a.j.t.JMeterThread: Thread finished: Thread Group 1-7
2020-02-05 10:38:17,657 INFO o.a.j.t.JMeterThread: Stopping: Thread Group 1-4
2020-02-05 10:38:17,658 WARN o.a.j.t.JMeterThread: Interrupting: Thread Group 1-4 sampler: HTTP Request
2020-02-05 10:38:17,659 INFO o.a.j.t.JMeterThread: Thread finished: Thread Group 1-11
2020-02-05 10:38:17,660 INFO o.a.j.t.JMeterThread: Stopping: Thread Group 1-10
2020-02-05 10:38:17,660 WARN o.a.j.t.JMeterThread: Interrupting: Thread Group 1-10 sampler: HTTP Request
2020-02-05 10:38:17,661 INFO o.a.j.t.JMeterThread: Thread finished: Thread Group 1-4
2020-02-05 10:38:17,662 INFO o.a.j.t.JMeterThread: Stopping: Thread Group 1-9
2020-02-05 10:38:17,662 WARN o.a.j.t.JMeterThread: Interrupting: Thread Group 1-9 sampler: HTTP Request
2020-02-05 10:38:17,664 INFO o.a.j.t.JMeterThread: Stopping: Thread Group 1-6
2020-02-05 10:38:17,664 INFO o.a.j.t.JMeterThread: Thread finished: Thread Group 1-10
2020-02-05 10:38:17,664 WARN o.a.j.t.JMeterThread: Interrupting: Thread Group 1-6 sampler: HTTP Request
2020-02-05 10:38:17,665 INFO o.a.j.t.JMeterThread: Thread finished: Thread Group 1-9
2020-02-05 10:38:17,667 INFO o.a.j.t.JMeterThread: Stopping: Thread Group 1-5
2020-02-05 10:38:17,667 WARN o.a.j.t.JMeterThread: Interrupting: Thread Group 1-5 sampler: HTTP Request
2020-02-05 10:38:17,670 INFO o.a.j.t.JMeterThread: Stopping: Thread Group 1-2
2020-02-05 10:38:17,670 INFO o.a.j.t.JMeterThread: Thread finished: Thread Group 1-6
2020-02-05 10:38:17,671 WARN o.a.j.t.JMeterThread: Interrupting: Thread Group 1-2 sampler: HTTP Request
2020-02-05 10:38:17,671 INFO o.a.j.t.JMeterThread: Thread finished: Thread Group 1-5
2020-02-05 10:38:17,673 INFO o.a.j.t.JMeterThread: Stopping: Thread Group 1-8
2020-02-05 10:38:17,673 WARN o.a.j.t.JMeterThread: Interrupting: Thread Group 1-8 sampler: HTTP Request
2020-02-05 10:38:17,674 INFO o.a.j.t.JMeterThread: Thread finished: Thread Group 1-2
2020-02-05 10:38:17,680 INFO o.a.j.t.JMeterThread: Stopping: Thread Group 1-16
2020-02-05 10:38:17,681 WARN o.a.j.t.JMeterThread: Interrupting: Thread Group 1-16 sampler: HTTP Request
2020-02-05 10:38:17,682 INFO o.a.j.t.JMeterThread: Stopping: Thread Group 1-14
2020-02-05 10:38:17,682 INFO o.a.j.t.JMeterThread: Thread finished: Thread Group 1-8
2020-02-05 10:38:17,683 WARN o.a.j.t.JMeterThread: Interrupting: Thread Group 1-14 sampler: HTTP Request
2020-02-05 10:38:17,684 INFO o.a.j.t.JMeterThread: Stopping: Thread Group 1-3
2020-02-05 10:38:17,685 INFO o.a.j.t.JMeterThread: Thread finished: Thread Group 1-16
2020-02-05 10:38:17,685 WARN o.a.j.t.JMeterThread: Interrupting: Thread Group 1-3 sampler: HTTP Request
2020-02-05 10:38:17,687 INFO o.a.j.t.JMeterThread: Stopping: Thread Group 1-15
2020-02-05 10:38:17,687 INFO o.a.j.t.JMeterThread: Thread finished: Thread Group 1-14
2020-02-05 10:38:17,688 WARN o.a.j.t.JMeterThread: Interrupting: Thread Group 1-15 sampler: HTTP Request
2020-02-05 10:38:17,688 INFO o.a.j.t.JMeterThread: Thread finished: Thread Group 1-3
2020-02-05 10:38:17,688 INFO o.a.j.t.JMeterThread: Stopping: Thread Group 1-12
2020-02-05 10:38:17,689 WARN o.a.j.t.JMeterThread: Interrupting: Thread Group 1-12 sampler: HTTP Request
2020-02-05 10:38:17,690 INFO o.a.j.t.JMeterThread: Stopping: Thread Group 1-1
2020-02-05 10:38:17,690 INFO o.a.j.t.JMeterThread: Thread finished: Thread Group 1-15
2020-02-05 10:38:17,690 WARN o.a.j.t.JMeterThread: Interrupting: Thread Group 1-1 sampler: HTTP Request
2020-02-05 10:38:17,691 INFO o.a.j.t.JMeterThread: Thread finished: Thread Group 1-1
2020-02-05 10:38:17,691 INFO o.a.j.t.JMeterThread: Thread finished: Thread Group 1-12
2020-02-05 10:38:17,692 INFO o.a.j.e.StandardJMeterEngine: Notifying test listeners of end of test
2020-02-05 10:38:17,692 INFO o.a.j.g.u.JMeterMenuBar: setRunning(false, *local*)
2020-02-05 10:45:28,923 INFO o.a.j.e.StandardJMeterEngine: Running the test!
2020-02-05 10:45:28,929 INFO o.a.j.s.SampleEvent: List of sample_variables: []
2020-02-05 10:45:28,930 INFO o.a.j.g.u.JMeterMenuBar: setRunning(true, *local*)
2020-02-05 10:45:28,997 INFO o.a.j.e.StandardJMeterEngine: Starting ThreadGroup: 1 : Thread Group
2020-02-05 10:45:28,997 INFO o.a.j.e.StandardJMeterEngine: Starting 16 threads for group Thread Group.
2020-02-05 10:45:28,997 INFO o.a.j.e.StandardJMeterEngine: Thread will continue on error
2020-02-05 10:45:28,997 INFO o.a.j.t.ThreadGroup: Starting thread group... number=1 threads=16 ramp-up=1 delayedStart=false
2020-02-05 10:45:28,997 INFO o.a.j.t.JMeterThread: Thread started: Thread Group 1-1
2020-02-05 10:45:29,000 INFO o.a.j.t.ThreadGroup: Started thread group number 1
2020-02-05 10:45:29,000 INFO o.a.j.e.StandardJMeterEngine: All thread groups have been started
2020-02-05 10:45:29,061 INFO o.a.j.t.JMeterThread: Thread started: Thread Group 1-2
2020-02-05 10:45:29,124 INFO o.a.j.t.JMeterThread: Thread started: Thread Group 1-3
2020-02-05 10:45:29,186 INFO o.a.j.t.JMeterThread: Thread started: Thread Group 1-4
2020-02-05 10:45:29,249 INFO o.a.j.t.JMeterThread: Thread started: Thread Group 1-5
2020-02-05 10:45:29,312 INFO o.a.j.t.JMeterThread: Thread started: Thread Group 1-6
2020-02-05 10:45:29,376 INFO o.a.j.t.JMeterThread: Thread started: Thread Group 1-7
2020-02-05 10:45:29,439 INFO o.a.j.t.JMeterThread: Thread started: Thread Group 1-8
2020-02-05 10:45:29,502 INFO o.a.j.t.JMeterThread: Thread started: Thread Group 1-9
2020-02-05 10:45:29,565 INFO o.a.j.t.JMeterThread: Thread started: Thread Group 1-10
2020-02-05 10:45:29,627 INFO o.a.j.t.JMeterThread: Thread started: Thread Group 1-11
2020-02-05 10:45:29,691 INFO o.a.j.t.JMeterThread: Thread started: Thread Group 1-12
2020-02-05 10:45:29,754 INFO o.a.j.t.JMeterThread: Thread started: Thread Group 1-13
2020-02-05 10:45:29,817 INFO o.a.j.t.JMeterThread: Thread started: Thread Group 1-14
2020-02-05 10:45:29,879 INFO o.a.j.t.JMeterThread: Thread started: Thread Group 1-15
2020-02-05 10:45:29,942 INFO o.a.j.t.JMeterThread: Thread started: Thread Group 1-16
2020-02-05 10:45:50,146 INFO o.a.j.g.a.Start: Stopping test
2020-02-05 10:45:50,152 INFO o.a.j.t.JMeterThread: Stopping: Thread Group 1-15
2020-02-05 10:45:50,152 WARN o.a.j.t.JMeterThread: Interrupting: Thread Group 1-15 sampler: HTTP Request
2020-02-05 10:45:50,153 INFO o.a.j.t.JMeterThread: Stopping: Thread Group 1-11
2020-02-05 10:45:50,153 WARN o.a.j.t.JMeterThread: Interrupting: Thread Group 1-11 sampler: HTTP Request
2020-02-05 10:45:50,153 INFO o.a.j.t.JMeterThread: Thread finished: Thread Group 1-15
2020-02-05 10:45:50,155 INFO o.a.j.t.JMeterThread: Stopping: Thread Group 1-16
2020-02-05 10:45:50,155 WARN o.a.j.t.JMeterThread: Interrupting: Thread Group 1-16 sampler: HTTP Request
2020-02-05 10:45:50,157 INFO o.a.j.t.JMeterThread: Stopping: Thread Group 1-6
2020-02-05 10:45:50,157 INFO o.a.j.t.JMeterThread: Thread finished: Thread Group 1-11
2020-02-05 10:45:50,157 WARN o.a.j.t.JMeterThread: Interrupting: Thread Group 1-6 sampler: HTTP Request
2020-02-05 10:45:50,159 INFO o.a.j.t.JMeterThread: Thread finished: Thread Group 1-16
2020-02-05 10:45:50,159 INFO o.a.j.t.JMeterThread: Stopping: Thread Group 1-5
2020-02-05 10:45:50,159 WARN o.a.j.t.JMeterThread: Interrupting: Thread Group 1-5 sampler: HTTP Request
2020-02-05 10:45:50,159 INFO o.a.j.t.JMeterThread: Thread finished: Thread Group 1-6
2020-02-05 10:45:50,159 INFO o.a.j.t.JMeterThread: Stopping: Thread Group 1-10
2020-02-05 10:45:50,160 WARN o.a.j.t.JMeterThread: Interrupting: Thread Group 1-10 sampler: HTTP Request
2020-02-05 10:45:50,160 INFO o.a.j.t.JMeterThread: Stopping: Thread Group 1-12
2020-02-05 10:45:50,160 INFO o.a.j.t.JMeterThread: Thread finished: Thread Group 1-5
2020-02-05 10:45:50,160 WARN o.a.j.t.JMeterThread: Interrupting: Thread Group 1-12 sampler: HTTP Request
2020-02-05 10:45:50,160 INFO o.a.j.t.JMeterThread: Thread finished: Thread Group 1-10
2020-02-05 10:45:50,160 INFO o.a.j.t.JMeterThread: Stopping: Thread Group 1-3
2020-02-05 10:45:50,160 WARN o.a.j.t.JMeterThread: Interrupting: Thread Group 1-3 sampler: HTTP Request
2020-02-05 10:45:50,161 INFO o.a.j.t.JMeterThread: Thread finished: Thread Group 1-12
2020-02-05 10:45:50,161 INFO o.a.j.t.JMeterThread: Stopping: Thread Group 1-9
2020-02-05 10:45:50,161 WARN o.a.j.t.JMeterThread: Interrupting: Thread Group 1-9 sampler: HTTP Request
2020-02-05 10:45:50,161 INFO o.a.j.t.JMeterThread: Thread finished: Thread Group 1-3
2020-02-05 10:45:50,162 INFO o.a.j.t.JMeterThread: Stopping: Thread Group 1-4
2020-02-05 10:45:50,162 WARN o.a.j.t.JMeterThread: Interrupting: Thread Group 1-4 sampler: HTTP Request
2020-02-05 10:45:50,162 INFO o.a.j.t.JMeterThread: Stopping: Thread Group 1-8
2020-02-05 10:45:50,162 INFO o.a.j.t.JMeterThread: Thread finished: Thread Group 1-9
2020-02-05 10:45:50,162 WARN o.a.j.t.JMeterThread: Interrupting: Thread Group 1-8 sampler: HTTP Request
2020-02-05 10:45:50,163 INFO o.a.j.t.JMeterThread: Stopping: Thread Group 1-13
2020-02-05 10:45:50,163 INFO o.a.j.t.JMeterThread: Thread finished: Thread Group 1-4
2020-02-05 10:45:50,163 WARN o.a.j.t.JMeterThread: Interrupting: Thread Group 1-13 sampler: HTTP Request
2020-02-05 10:45:50,163 INFO o.a.j.t.JMeterThread: Thread finished: Thread Group 1-8
2020-02-05 10:45:50,163 INFO o.a.j.t.JMeterThread: Stopping: Thread Group 1-2
2020-02-05 10:45:50,164 WARN o.a.j.t.JMeterThread: Interrupting: Thread Group 1-2 sampler: HTTP Request
2020-02-05 10:45:50,164 INFO o.a.j.t.JMeterThread: Stopping: Thread Group 1-1
2020-02-05 10:45:50,164 INFO o.a.j.t.JMeterThread: Thread finished: Thread Group 1-13
2020-02-05 10:45:50,164 WARN o.a.j.t.JMeterThread: Interrupting: Thread Group 1-1 sampler: HTTP Request
2020-02-05 10:45:50,164 INFO o.a.j.t.JMeterThread: Stopping: Thread Group 1-7
2020-02-05 10:45:50,164 WARN o.a.j.t.JMeterThread: Interrupting: Thread Group 1-7 sampler: HTTP Request
2020-02-05 10:45:50,164 INFO o.a.j.t.JMeterThread: Stopping: Thread Group 1-14
2020-02-05 10:45:50,164 INFO o.a.j.t.JMeterThread: Thread finished: Thread Group 1-2
2020-02-05 10:45:50,164 INFO o.a.j.t.JMeterThread: Thread finished: Thread Group 1-1
2020-02-05 10:45:50,164 WARN o.a.j.t.JMeterThread: Interrupting: Thread Group 1-14 sampler: HTTP Request
2020-02-05 10:45:50,165 INFO o.a.j.t.JMeterThread: Thread finished: Thread Group 1-7
2020-02-05 10:45:50,165 INFO o.a.j.t.JMeterThread: Thread finished: Thread Group 1-14
2020-02-05 10:45:50,165 INFO o.a.j.e.StandardJMeterEngine: Notifying test listeners of end of test
2020-02-05 10:45:50,165 INFO o.a.j.g.u.JMeterMenuBar: setRunning(false, *local*)
2020-02-05 10:45:59,056 INFO o.a.j.e.StandardJMeterEngine: Running the test!
2020-02-05 10:45:59,057 INFO o.a.j.s.SampleEvent: List of sample_variables: []
2020-02-05 10:45:59,058 INFO o.a.j.g.u.JMeterMenuBar: setRunning(true, *local*)
2020-02-05 10:45:59,126 INFO o.a.j.e.StandardJMeterEngine: Starting ThreadGroup: 1 : Thread Group
2020-02-05 10:45:59,126 INFO o.a.j.e.StandardJMeterEngine: Starting 19 threads for group Thread Group.
2020-02-05 10:45:59,127 INFO o.a.j.e.StandardJMeterEngine: Thread will continue on error
2020-02-05 10:45:59,127 INFO o.a.j.t.ThreadGroup: Starting thread group... number=1 threads=19 ramp-up=1 delayedStart=false
2020-02-05 10:45:59,128 INFO o.a.j.t.JMeterThread: Thread started: Thread Group 1-1
2020-02-05 10:45:59,138 INFO o.a.j.t.ThreadGroup: Started thread group number 1
2020-02-05 10:45:59,138 INFO o.a.j.e.StandardJMeterEngine: All thread groups have been started
2020-02-05 10:45:59,181 INFO o.a.j.t.JMeterThread: Thread started: Thread Group 1-2
2020-02-05 10:45:59,234 INFO o.a.j.t.JMeterThread: Thread started: Thread Group 1-3
2020-02-05 10:45:59,287 INFO o.a.j.t.JMeterThread: Thread started: Thread Group 1-4
2020-02-05 10:45:59,340 INFO o.a.j.t.JMeterThread: Thread started: Thread Group 1-5
2020-02-05 10:45:59,393 INFO o.a.j.t.JMeterThread: Thread started: Thread Group 1-6
2020-02-05 10:45:59,446 INFO o.a.j.t.JMeterThread: Thread started: Thread Group 1-7
2020-02-05 10:45:59,499 INFO o.a.j.t.JMeterThread: Thread started: Thread Group 1-8
2020-02-05 10:45:59,552 INFO o.a.j.t.JMeterThread: Thread started: Thread Group 1-9
2020-02-05 10:45:59,608 INFO o.a.j.t.JMeterThread: Thread started: Thread Group 1-10
2020-02-05 10:45:59,658 INFO o.a.j.t.JMeterThread: Thread started: Thread Group 1-11
2020-02-05 10:45:59,712 INFO o.a.j.t.JMeterThread: Thread started: Thread Group 1-12
2020-02-05 10:45:59,763 INFO o.a.j.t.JMeterThread: Thread started: Thread Group 1-13
2020-02-05 10:45:59,817 INFO o.a.j.t.JMeterThread: Thread started: Thread Group 1-14
2020-02-05 10:45:59,870 INFO o.a.j.t.JMeterThread: Thread started: Thread Group 1-15
2020-02-05 10:45:59,923 INFO o.a.j.t.JMeterThread: Thread started: Thread Group 1-16
2020-02-05 10:45:59,977 INFO o.a.j.t.JMeterThread: Thread started: Thread Group 1-17
2020-02-05 10:46:00,029 INFO o.a.j.t.JMeterThread: Thread started: Thread Group 1-18
2020-02-05 10:46:00,082 INFO o.a.j.t.JMeterThread: Thread started: Thread Group 1-19
2020-02-05 10:46:17,889 INFO o.a.j.g.a.Start: Stopping test
2020-02-05 10:46:17,894 INFO o.a.j.t.JMeterThread: Stopping: Thread Group 1-14
2020-02-05 10:46:17,894 WARN o.a.j.t.JMeterThread: Interrupting: Thread Group 1-14 sampler: HTTP Request
2020-02-05 10:46:17,895 INFO o.a.j.t.JMeterThread: Stopping: Thread Group 1-2
2020-02-05 10:46:17,895 WARN o.a.j.t.JMeterThread: Interrupting: Thread Group 1-2 sampler: HTTP Request
2020-02-05 10:46:17,896 INFO o.a.j.t.JMeterThread: Stopping: Thread Group 1-19
2020-02-05 10:46:17,896 WARN o.a.j.t.JMeterThread: Interrupting: Thread Group 1-19 sampler: HTTP Request
2020-02-05 10:46:17,896 INFO o.a.j.t.JMeterThread: Thread finished: Thread Group 1-14
2020-02-05 10:46:17,896 INFO o.a.j.t.JMeterThread: Thread finished: Thread Group 1-2
2020-02-05 10:46:17,897 INFO o.a.j.t.JMeterThread: Stopping: Thread Group 1-1
2020-02-05 10:46:17,897 WARN o.a.j.t.JMeterThread: Interrupting: Thread Group 1-1 sampler: HTTP Request
2020-02-05 10:46:17,898 INFO o.a.j.t.JMeterThread: Stopping: Thread Group 1-10
2020-02-05 10:46:17,898 INFO o.a.j.t.JMeterThread: Thread finished: Thread Group 1-19
2020-02-05 10:46:17,898 WARN o.a.j.t.JMeterThread: Interrupting: Thread Group 1-10 sampler: HTTP Request
2020-02-05 10:46:17,899 INFO o.a.j.t.JMeterThread: Stopping: Thread Group 1-5
2020-02-05 10:46:17,899 WARN o.a.j.t.JMeterThread: Interrupting: Thread Group 1-5 sampler: HTTP Request
2020-02-05 10:46:17,900 INFO o.a.j.t.JMeterThread: Thread finished: Thread Group 1-1
2020-02-05 10:46:17,900 INFO o.a.j.t.JMeterThread: Stopping: Thread Group 1-18
2020-02-05 10:46:17,900 INFO o.a.j.t.JMeterThread: Thread finished: Thread Group 1-10
2020-02-05 10:46:17,900 WARN o.a.j.t.JMeterThread: Interrupting: Thread Group 1-18 sampler: HTTP Request
2020-02-05 10:46:17,900 INFO o.a.j.t.JMeterThread: Thread finished: Thread Group 1-5
2020-02-05 10:46:17,901 INFO o.a.j.t.JMeterThread: Stopping: Thread Group 1-15
2020-02-05 10:46:17,901 WARN o.a.j.t.JMeterThread: Interrupting: Thread Group 1-15 sampler: HTTP Request
2020-02-05 10:46:17,902 INFO o.a.j.t.JMeterThread: Stopping: Thread Group 1-12
2020-02-05 10:46:17,902 INFO o.a.j.t.JMeterThread: Thread finished: Thread Group 1-18
2020-02-05 10:46:17,902 WARN o.a.j.t.JMeterThread: Interrupting: Thread Group 1-12 sampler: HTTP Request
2020-02-05 10:46:17,903 INFO o.a.j.t.JMeterThread: Stopping: Thread Group 1-4
2020-02-05 10:46:17,903 INFO o.a.j.t.JMeterThread: Thread finished: Thread Group 1-15
2020-02-05 10:46:17,903 WARN o.a.j.t.JMeterThread: Interrupting: Thread Group 1-4 sampler: HTTP Request
2020-02-05 10:46:17,904 INFO o.a.j.t.JMeterThread: Stopping: Thread Group 1-13
2020-02-05 10:46:17,904 INFO o.a.j.t.JMeterThread: Thread finished: Thread Group 1-12
2020-02-05 10:46:17,904 WARN o.a.j.t.JMeterThread: Interrupting: Thread Group 1-13 sampler: HTTP Request
2020-02-05 10:46:17,905 INFO o.a.j.t.JMeterThread: Stopping: Thread Group 1-16
2020-02-05 10:46:17,905 INFO o.a.j.t.JMeterThread: Thread finished: Thread Group 1-4
2020-02-05 10:46:17,905 WARN o.a.j.t.JMeterThread: Interrupting: Thread Group 1-16 sampler: HTTP Request
2020-02-05 10:46:17,905 INFO o.a.j.t.JMeterThread: Stopping: Thread Group 1-8
2020-02-05 10:46:17,906 INFO o.a.j.t.JMeterThread: Thread finished: Thread Group 1-13
2020-02-05 10:46:17,906 WARN o.a.j.t.JMeterThread: Interrupting: Thread Group 1-8 sampler: HTTP Request
2020-02-05 10:46:17,906 INFO o.a.j.t.JMeterThread: Thread finished: Thread Group 1-16
2020-02-05 10:46:17,906 INFO o.a.j.t.JMeterThread: Stopping: Thread Group 1-6
2020-02-05 10:46:17,906 WARN o.a.j.t.JMeterThread: Interrupting: Thread Group 1-6 sampler: HTTP Request
2020-02-05 10:46:17,907 INFO o.a.j.t.JMeterThread: Stopping: Thread Group 1-11
2020-02-05 10:46:17,907 WARN o.a.j.t.JMeterThread: Interrupting: Thread Group 1-11 sampler: HTTP Request
2020-02-05 10:46:17,907 INFO o.a.j.t.JMeterThread: Thread finished: Thread Group 1-8
2020-02-05 10:46:17,907 INFO o.a.j.t.JMeterThread: Stopping: Thread Group 1-17
2020-02-05 10:46:17,908 WARN o.a.j.t.JMeterThread: Interrupting: Thread Group 1-17 sampler: HTTP Request
2020-02-05 10:46:17,908 INFO o.a.j.t.JMeterThread: Thread finished: Thread Group 1-6
2020-02-05 10:46:17,908 INFO o.a.j.t.JMeterThread: Thread finished: Thread Group 1-11
2020-02-05 10:46:17,909 INFO o.a.j.t.JMeterThread: Stopping: Thread Group 1-3
2020-02-05 10:46:17,909 WARN o.a.j.t.JMeterThread: Interrupting: Thread Group 1-3 sampler: HTTP Request
2020-02-05 10:46:17,909 INFO o.a.j.t.JMeterThread: Stopping: Thread Group 1-9
2020-02-05 10:46:17,909 INFO o.a.j.t.JMeterThread: Thread finished: Thread Group 1-17
2020-02-05 10:46:17,910 WARN o.a.j.t.JMeterThread: Interrupting: Thread Group 1-9 sampler: HTTP Request
2020-02-05 10:46:17,910 INFO o.a.j.t.JMeterThread: Thread finished: Thread Group 1-3
2020-02-05 10:46:17,910 INFO o.a.j.t.JMeterThread: Stopping: Thread Group 1-7
2020-02-05 10:46:17,910 WARN o.a.j.t.JMeterThread: Interrupting: Thread Group 1-7 sampler: HTTP Request
2020-02-05 10:46:17,911 INFO o.a.j.t.JMeterThread: Thread finished: Thread Group 1-9
2020-02-05 10:46:17,911 INFO o.a.j.t.JMeterThread: Thread finished: Thread Group 1-7
2020-02-05 10:46:17,911 INFO o.a.j.e.StandardJMeterEngine: Notifying test listeners of end of test
2020-02-05 10:46:17,911 INFO o.a.j.g.u.JMeterMenuBar: setRunning(false, *local*)
